2019-10-09 17:58:24,613 INFO o.a.j.u.JMeterUtils: Setting Locale to en_US
2019-10-09 17:58:24,639 INFO o.a.j.JMeter: Loading user properties from: user.properties
2019-10-09 17:58:24,640 INFO o.a.j.JMeter: Loading system properties from: system.properties
2019-10-09 17:58:24,647 INFO o.a.j.JMeter: Copyright (c) 1998-2019 The Apache Software Foundation
2019-10-09 17:58:24,648 INFO o.a.j.JMeter: Version 5.1.1 r1855137
2019-10-09 17:58:24,648 INFO o.a.j.JMeter: java.version=1.8.0_181
2019-10-09 17:58:24,648 INFO o.a.j.JMeter: java.vm.name=Java HotSpot(TM) 64-Bit Server VM
2019-10-09 17:58:24,648 INFO o.a.j.JMeter: os.name=Mac OS X
2019-10-09 17:58:24,648 INFO o.a.j.JMeter: os.arch=x86_64
2019-10-09 17:58:24,648 INFO o.a.j.JMeter: os.version=10.11.6
2019-10-09 17:58:24,648 INFO o.a.j.JMeter: file.encoding=UTF-8
2019-10-09 17:58:24,648 INFO o.a.j.JMeter: java.awt.headless=null
2019-10-09 17:58:24,648 INFO o.a.j.JMeter: Max memory     =3817865216
2019-10-09 17:58:24,648 INFO o.a.j.JMeter: Available Processors =4
2019-10-09 17:58:24,653 INFO o.a.j.JMeter: Default Locale=English (United States)
2019-10-09 17:58:24,653 INFO o.a.j.JMeter: JMeter  Locale=English (United States)
2019-10-09 17:58:24,653 INFO o.a.j.JMeter: JMeterHome=/Users/k-joseph/Desktop/apache-jmeter-5.1.1
2019-10-09 17:58:24,653 INFO o.a.j.JMeter: user.dir  =/Users/k-joseph/Desktop/apache-jmeter-5.1.1/bin
2019-10-09 17:58:24,653 INFO o.a.j.JMeter: PWD       =/Users/k-joseph/Desktop/apache-jmeter-5.1.1/bin
2019-10-09 17:58:24,655 INFO o.a.j.JMeter: IP: 192.168.0.102 Name: kaweesis-MacBook-Pro.local FullName: 192.168.0.102
2019-10-09 17:58:26,099 INFO o.a.j.g.a.LookAndFeelCommand: Installing Darcula LAF
2019-10-09 17:58:26,119 INFO o.a.j.g.a.LookAndFeelCommand: Using look and feel: com.bulenkov.darcula.DarculaLaf [Darcula]
2019-10-09 17:58:26,119 INFO o.a.j.JMeter: Setting LAF to: com.bulenkov.darcula.DarculaLaf
2019-10-09 17:58:26,217 INFO o.a.j.JMeter: Loaded icon properties from org/apache/jmeter/images/icon.properties
2019-10-09 17:58:28,641 INFO o.a.j.p.h.s.HTTPSamplerBase: Parser for text/html is org.apache.jmeter.protocol.http.parser.LagartoBasedHtmlParser
2019-10-09 17:58:28,641 INFO o.a.j.p.h.s.HTTPSamplerBase: Parser for application/xhtml+xml is org.apache.jmeter.protocol.http.parser.LagartoBasedHtmlParser
2019-10-09 17:58:28,641 INFO o.a.j.p.h.s.HTTPSamplerBase: Parser for application/xml is org.apache.jmeter.protocol.http.parser.LagartoBasedHtmlParser
2019-10-09 17:58:28,642 INFO o.a.j.p.h.s.HTTPSamplerBase: Parser for text/xml is org.apache.jmeter.protocol.http.parser.LagartoBasedHtmlParser
2019-10-09 17:58:28,642 INFO o.a.j.p.h.s.HTTPSamplerBase: Parser for text/vnd.wap.wml is org.apache.jmeter.protocol.http.parser.RegexpHTMLParser
2019-10-09 17:58:28,642 INFO o.a.j.p.h.s.HTTPSamplerBase: Parser for text/css is org.apache.jmeter.protocol.http.parser.CssParser
2019-10-09 17:58:29,031 INFO o.a.j.e.KeyToolUtils: keytool found at 'keytool'
2019-10-09 17:58:29,032 INFO o.a.j.p.h.p.ProxyControl: HTTP(S) Test Script Recorder SSL Proxy will use keys that support embedded 3rd party resources in file /Users/k-joseph/Desktop/apache-jmeter-5.1.1/bin/proxyserver.jks
2019-10-09 17:58:29,217 INFO o.a.j.s.FileServer: Default base='/Users/k-joseph/Desktop/apache-jmeter-5.1.1/bin'
2019-10-09 17:58:29,607 INFO o.a.j.s.SampleResult: Note: Sample TimeStamps are START times
2019-10-09 17:58:29,608 INFO o.a.j.s.SampleResult: sampleresult.default.encoding is set to ISO-8859-1
2019-10-09 17:58:29,608 INFO o.a.j.s.SampleResult: sampleresult.useNanoTime=true
2019-10-09 17:58:29,608 INFO o.a.j.s.SampleResult: sampleresult.nanoThreadSleep=5000
2019-10-09 17:59:29,009 INFO o.a.j.g.a.Load: Loading file: /Users/k-joseph/Projects/openMRS/openmrs-contrib-qa/src/test/jmeter/OpenMRSLogin.jmx
2019-10-09 17:59:29,010 INFO o.a.j.s.FileServer: Set new base='/Users/k-joseph/Projects/openMRS/openmrs-contrib-qa/src/test/jmeter'
2019-10-09 17:59:29,221 INFO o.a.j.s.SaveService: Testplan (JMX) version: 2.2. Testlog (JTL) version: 2.2
2019-10-09 17:59:29,244 INFO o.a.j.s.SaveService: Using SaveService properties file encoding UTF-8
2019-10-09 17:59:29,247 INFO o.a.j.s.SaveService: Using SaveService properties version 5.0
2019-10-09 17:59:29,252 INFO o.a.j.s.SaveService: Loading file: /Users/k-joseph/Projects/openMRS/openmrs-contrib-qa/src/test/jmeter/OpenMRSLogin.jmx
2019-10-09 17:59:29,298 INFO o.a.j.p.h.c.CookieManager: Settings: Delete null: true Check: true Allow variable: true Save: false Prefix: COOKIE_
2019-10-09 17:59:29,301 INFO o.a.j.p.h.c.CacheManager: Will only cache the following methods: [GET]
2019-10-09 17:59:29,437 INFO o.a.j.s.FileServer: Set new base='/Users/k-joseph/Projects/openMRS/openmrs-contrib-qa/src/test/jmeter'
2019-10-09 18:00:21,145 INFO o.a.j.e.StandardJMeterEngine: Running the test!
2019-10-09 18:00:21,146 INFO o.a.j.s.SampleEvent: List of sample_variables: []
2019-10-09 18:00:21,146 INFO o.a.j.s.SampleEvent: List of sample_variables: []
2019-10-09 18:00:21,154 INFO o.a.j.e.u.CompoundVariable: Note: Function class names must contain the string: '.functions.'
2019-10-09 18:00:21,154 INFO o.a.j.e.u.CompoundVariable: Note: Function class names must not contain the string: '.gui.'
2019-10-09 18:00:21,582 INFO o.a.j.g.u.JMeterMenuBar: setRunning(true, *local*)
2019-10-09 18:00:21,755 INFO o.a.j.e.StandardJMeterEngine: Starting ThreadGroup: 1 : Thread Group
2019-10-09 18:00:21,755 INFO o.a.j.e.StandardJMeterEngine: Starting 1 threads for group Thread Group.
2019-10-09 18:00:21,755 INFO o.a.j.e.StandardJMeterEngine: Thread will continue on error
2019-10-09 18:00:21,755 INFO o.a.j.t.ThreadGroup: Starting thread group... number=1 threads=1 ramp-up=1 delayedStart=false
2019-10-09 18:00:21,761 INFO o.a.j.t.ThreadGroup: Started thread group number 1
2019-10-09 18:00:21,761 INFO o.a.j.e.StandardJMeterEngine: All thread groups have been started
2019-10-09 18:00:21,766 INFO o.a.j.t.JMeterThread: Thread started: Thread Group 1-1
2019-10-09 18:00:21,794 INFO o.a.j.p.h.s.HTTPHCAbstractImpl: Local host = kaweesis-MacBook-Pro.local
2019-10-09 18:00:21,801 INFO o.a.j.p.h.s.HTTPHC4Impl: HTTP request retry count = 0
2019-10-09 18:00:22,733 INFO o.a.j.t.JMeterThread: Thread is done: Thread Group 1-1
2019-10-09 18:00:22,733 INFO o.a.j.t.JMeterThread: Thread finished: Thread Group 1-1
2019-10-09 18:00:22,739 INFO o.a.j.e.StandardJMeterEngine: Notifying test listeners of end of test
2019-10-09 18:00:22,740 INFO o.a.j.g.u.JMeterMenuBar: setRunning(false, *local*)
